
                         MODELLER 10.5, 2024/01/19, r12711

     PROTEIN STRUCTURE MODELLING BY SATISFACTION OF SPATIAL RESTRAINTS


                     Copyright(c) 1989-2024 Andrej Sali
                            All Rights Reserved

                             Written by A. Sali
                               with help from
              B. Webb, M.S. Madhusudhan, M-Y. Shen, G.Q. Dong,
          M.A. Marti-Renom, N. Eswar, F. Alber, M. Topf, B. Oliva,
             A. Fiser, R. Sanchez, B. Yerkovich, A. Badretdinov,
                     F. Melo, J.P. Overington, E. Feyfant
                 University of California, San Francisco, USA
                    Rockefeller University, New York, USA
                      Harvard University, Cambridge, USA
                   Imperial Cancer Research Fund, London, UK
              Birkbeck College, University of London, London, UK


Kind, OS, HostName, Kernel, Processor: 4, Linux kb-bioinfo01 5.15.0-94-generic x86_64
Date and time of compilation         : 2024/01/20 00:40:16
MODELLER executable type             : x86_64-intel8
Job starting time (YY/MM/DD HH:MM:SS): 2024/07/19 14:36:11

openf___224_> Open           $(LIB)/restyp.lib
openf___224_> Open           ${MODINSTALL10v5}/modlib/resgrp.lib
rdresgr_266_> Number of residue groups:        2
openf___224_> Open           ${MODINSTALL10v5}/modlib/sstruc.lib

Dynamically allocated memory at   amaxlibraries [B,KiB,MiB]:       191566     187.076     0.183

Dynamically allocated memory at   amaxlibraries [B,KiB,MiB]:       192094     187.592     0.183
openf___224_> Open           ${MODINSTALL10v5}/modlib/resdih.lib

Dynamically allocated memory at   amaxlibraries [B,KiB,MiB]:       240694     235.053     0.230
rdrdih__263_> Number of dihedral angle types         :        9
              Maximal number of dihedral angle optima:        3
              Dihedral angle names                   :  Alph Phi Psi Omeg chi1 chi2 chi3 chi4 chi5
openf___224_> Open           ${MODINSTALL10v5}/modlib/radii.lib

Dynamically allocated memory at   amaxlibraries [B,KiB,MiB]:       253994     248.041     0.242
openf___224_> Open           ${MODINSTALL10v5}/modlib/af_mnchdef.lib
rdwilmo_274_> Mainchain residue conformation classes:  APBLE
openf___224_> Open           ${MODINSTALL10v5}/modlib/mnch.lib
rdclass_257_> Number of classes:        5
openf___224_> Open           ${MODINSTALL10v5}/modlib/mnch1.lib
openf___224_> Open           ${MODINSTALL10v5}/modlib/mnch2.lib
openf___224_> Open           ${MODINSTALL10v5}/modlib/mnch3.lib
openf___224_> Open           ${MODINSTALL10v5}/modlib/xs4.mat
rdrrwgh_268_> Number of residue types:       21
openf___224_> Open           Q9UPY3.ali

Dynamically allocated memory at   amaxalignment [B,KiB,MiB]:       265959     259.726     0.254

Dynamically allocated memory at   amaxalignment [B,KiB,MiB]:       267409     261.142     0.255

Dynamically allocated memory at   amaxalignment [B,KiB,MiB]:       270309     263.974     0.258

Dynamically allocated memory at   amaxalignment [B,KiB,MiB]:       276109     269.638     0.263

Dynamically allocated memory at   amaxalignment [B,KiB,MiB]:       287709     280.966     0.274

Dynamically allocated memory at   amaxalignment [B,KiB,MiB]:       310909     303.622     0.297

Dynamically allocated memory at   amaxalignment [B,KiB,MiB]:       357309     348.935     0.341
openf___224_> Open           test_data/Q9UPY3.pdb

Dynamically allocated memory at   amaxalignment [B,KiB,MiB]:      1267717    1238.005     1.209

Dynamically allocated memory at    amaxsequence [B,KiB,MiB]:      1275401    1245.509     1.216

Dynamically allocated memory at    amaxsequence [B,KiB,MiB]:      1281793    1251.751     1.222

Read the alignment from file       : Q9UPY3.ali

Total number of alignment positions:  1922

  #  Code        #_Res #_Segm PDB_code    Name
-------------------------------------------------------------------------------
  1     Q9UPY3    1922      1 test_data/Q
  2  Q9UPY3_cu    1599      1
check_a_343_> >> BEGINNING OF COMMAND
openf___224_> Open           test_data/Q9UPY3.pdb

Dynamically allocated memory at amaxcoordinates [B,KiB,MiB]:      1860118    1816.521     1.774

Dynamically allocated memory at    amaxsequence [B,KiB,MiB]:      1860118    1816.521     1.774

Dynamically allocated memory at amaxcoordinates [B,KiB,MiB]:      1860289    1816.688     1.774

Dynamically allocated memory at amaxcoordinates [B,KiB,MiB]:      1861139    1817.519     1.775

Dynamically allocated memory at amaxcoordinates [B,KiB,MiB]:      1862397    1818.747     1.776

Dynamically allocated memory at amaxcoordinates [B,KiB,MiB]:      1864301    1820.606     1.778

Dynamically allocated memory at    amaxsequence [B,KiB,MiB]:      1864301    1820.606     1.778

Dynamically allocated memory at amaxcoordinates [B,KiB,MiB]:      1864391    1820.694     1.778

Dynamically allocated memory at amaxcoordinates [B,KiB,MiB]:      1867247    1823.483     1.781

Dynamically allocated memory at    amaxsequence [B,KiB,MiB]:      1867247    1823.483     1.781

Dynamically allocated memory at amaxcoordinates [B,KiB,MiB]:      1867382    1823.615     1.781

Dynamically allocated memory at amaxcoordinates [B,KiB,MiB]:      1871666    1827.799     1.785

Dynamically allocated memory at    amaxsequence [B,KiB,MiB]:      1871666    1827.799     1.785

Dynamically allocated memory at amaxcoordinates [B,KiB,MiB]:      1871864    1827.992     1.785

Dynamically allocated memory at amaxcoordinates [B,KiB,MiB]:      1878290    1834.268     1.791

Dynamically allocated memory at    amaxsequence [B,KiB,MiB]:      1878290    1834.268     1.791

Dynamically allocated memory at amaxcoordinates [B,KiB,MiB]:      1878587    1834.558     1.792

Dynamically allocated memory at amaxcoordinates [B,KiB,MiB]:      1888209    1843.954     1.801

Dynamically allocated memory at    amaxsequence [B,KiB,MiB]:      1888209    1843.954     1.801

Dynamically allocated memory at amaxcoordinates [B,KiB,MiB]:      1888659    1844.394     1.801

Dynamically allocated memory at amaxcoordinates [B,KiB,MiB]:      1903109    1858.505     1.815

Dynamically allocated memory at    amaxsequence [B,KiB,MiB]:      1903109    1858.505     1.815

Dynamically allocated memory at amaxcoordinates [B,KiB,MiB]:      1903784    1859.164     1.816

Dynamically allocated memory at amaxcoordinates [B,KiB,MiB]:      1925442    1880.314     1.836

Dynamically allocated memory at    amaxsequence [B,KiB,MiB]:      1925442    1880.314     1.836

Dynamically allocated memory at amaxcoordinates [B,KiB,MiB]:      1926450    1881.299     1.837

Dynamically allocated memory at amaxcoordinates [B,KiB,MiB]:      1958954    1913.041     1.868

Dynamically allocated memory at    amaxsequence [B,KiB,MiB]:      1958954    1913.041     1.868

Dynamically allocated memory at amaxcoordinates [B,KiB,MiB]:      1960466    1914.518     1.870

Dynamically allocated memory at amaxcoordinates [B,KiB,MiB]:      2009222    1962.131     1.916

Dynamically allocated memory at    amaxsequence [B,KiB,MiB]:      2009222    1962.131     1.916

Dynamically allocated memory at amaxcoordinates [B,KiB,MiB]:      2011490    1964.346     1.918

Dynamically allocated memory at amaxcoordinates [B,KiB,MiB]:      2084624    2035.766     1.988

Dynamically allocated memory at    amaxsequence [B,KiB,MiB]:      2084624    2035.766     1.988

Dynamically allocated memory at amaxcoordinates [B,KiB,MiB]:      2088026    2039.088     1.991

Dynamically allocated memory at amaxcoordinates [B,KiB,MiB]:      2197710    2146.201     2.096

Dynamically allocated memory at    amaxsequence [B,KiB,MiB]:      2197710    2146.201     2.096

Dynamically allocated memory at amaxcoordinates [B,KiB,MiB]:      2202813    2151.185     2.101

Dynamically allocated memory at amaxcoordinates [B,KiB,MiB]:      2367339    2311.854     2.258

Dynamically allocated memory at    amaxsequence [B,KiB,MiB]:      2367339    2311.854     2.258

Dynamically allocated memory at amaxcoordinates [B,KiB,MiB]:      2374998    2319.334     2.265

Dynamically allocated memory at amaxcoordinates [B,KiB,MiB]:      2621804    2560.355     2.500

Dynamically allocated memory at   amaxstructure [B,KiB,MiB]:      2616125    2554.810     2.495

check_ali___> Checking the sequence-structure alignment. 

Implied intrachain target CA(i)-CA(i+1) distances longer than  8.0 angstroms:

ALN_POS  TMPL  RID1  RID2  NAM1  NAM2     DIST
----------------------------------------------
   1106     1 1106  1283      S     I   49.189
   1393     1 1393  1541      N     K   15.718
END OF TABLE
check_a_344_> << END OF COMMAND
openf___224_> Open           ${LIB}/top_heav.lib
read_to_681_> topology.submodel read from topology file:        3
openf___224_> Open           ${LIB}/par.lib

Dynamically allocated memory at  amaxparameters [B,KiB,MiB]:      2755377    2690.798     2.628

Dynamically allocated memory at  amaxparameters [B,KiB,MiB]:      2756977    2692.360     2.629

Dynamically allocated memory at  amaxparameters [B,KiB,MiB]:      2760957    2696.247     2.633

Dynamically allocated memory at  amaxparameters [B,KiB,MiB]:      2762957    2698.200     2.635

Dynamically allocated memory at  amaxparameters [B,KiB,MiB]:      2765957    2701.130     2.638

Dynamically allocated memory at  amaxparameters [B,KiB,MiB]:      2770457    2705.524     2.642

Dynamically allocated memory at  amaxparameters [B,KiB,MiB]:      2776029    2710.966     2.647

Dynamically allocated memory at  amaxparameters [B,KiB,MiB]:      2778829    2713.700     2.650

Dynamically allocated memory at  amaxparameters [B,KiB,MiB]:      2783029    2717.802     2.654

Dynamically allocated memory at  amaxparameters [B,KiB,MiB]:      2789329    2723.954     2.660

Dynamically allocated memory at  amaxparameters [B,KiB,MiB]:      2792101    2726.661     2.663

Dynamically allocated memory at  amaxparameters [B,KiB,MiB]:      2793501    2728.028     2.664
read_pa_232_> parameters    BONDS   ANGLS  DIHEDS IMPROPS    MODE
                              227     561     661     112       0

Dynamically allocated memory at       amaxmodel [B,KiB,MiB]:      3044387    2973.034     2.903

Dynamically allocated memory at       amaxmodel [B,KiB,MiB]:      4302805    4201.958     4.103

Dynamically allocated memory at       amaxmodel [B,KiB,MiB]:      4494669    4389.325     4.286

mkilst______> segment topology constructed from sequence and RTF:
              segments residues  atoms  bonds angles dihedrals impropers:
                     1     1599  12822  13109      0         0      5437

Dynamically allocated memory at       amaxmodel [B,KiB,MiB]:      5044125    4925.903     4.810

patch_______> segment topology patched using RTF:  1 ;  MET  ;  NTER
              segments residues  atoms  bonds angles dihedrals impropers:
                     1     1599  12822  13109  17761     21022      5437


Dynamically allocated memory at       amaxmodel [B,KiB,MiB]:      5613741    5482.169     5.354
patch_______> segment topology patched using RTF:  1599 ;  SER  ;  CTER
              segments residues  atoms  bonds angles dihedrals impropers:
                     1     1599  12823  13110  17763     21024      5438

genseg______> segment topology constructed from sequence and RTF:
              segments residues  atoms  bonds angles dihedrals impropers:
                     1     1599  12823  13110  17763     21024      5438
transfe_506_> MODEL is an average of all templates.
transfe_511_> Number of templates for coordinate transfer:        1
              After transferring coordinates of the equivalent template atoms,
              there are defined, undefined atoms in MODEL:    12823        0
openf___224_> Open           Q9UPY3_cut.ini
wrpdb___568_> Residues, atoms, selected atoms:     1599    12823    12823
make_re_417_> Restraint type to be calculated:  stereo

Dynamically allocated memory at  amaxrestraints [B,KiB,MiB]:      5721190    5587.100     5.456

Dynamically allocated memory at  amaxrestraints [B,KiB,MiB]:      5729382    5595.100     5.464

Dynamically allocated memory at  amaxrestraints [B,KiB,MiB]:      5745766    5611.100     5.480

Dynamically allocated memory at  amaxrestraints [B,KiB,MiB]:      5778534    5643.100     5.511

Dynamically allocated memory at  amaxrestraints [B,KiB,MiB]:      5811302    5675.100     5.542

Dynamically allocated memory at  amaxrestraints [B,KiB,MiB]:      5876838    5739.100     5.605

Dynamically allocated memory at  amaxrestraints [B,KiB,MiB]:      5909606    5771.100     5.636

Dynamically allocated memory at  amaxrestraints [B,KiB,MiB]:      5975142    5835.100     5.698

Dynamically allocated memory at  amaxrestraints [B,KiB,MiB]:      6007910    5867.100     5.730

Dynamically allocated memory at  amaxrestraints [B,KiB,MiB]:      6138982    5995.100     5.855

Dynamically allocated memory at  amaxrestraints [B,KiB,MiB]:      6204518    6059.100     5.917

Dynamically allocated memory at  amaxrestraints [B,KiB,MiB]:      6335590    6187.100     6.042

Dynamically allocated memory at  amaxrestraints [B,KiB,MiB]:      6401126    6251.100     6.105

Dynamically allocated memory at  amaxrestraints [B,KiB,MiB]:      6663270    6507.100     6.355

Dynamically allocated memory at  amaxrestraints [B,KiB,MiB]:      6794342    6635.100     6.480

Dynamically allocated memory at  amaxrestraints [B,KiB,MiB]:      6925414    6763.100     6.605

Dynamically allocated memory at  amaxrestraints [B,KiB,MiB]:      7187558    7019.100     6.855

Dynamically allocated memory at  amaxrestraints [B,KiB,MiB]:      7711846    7531.100     7.355

Dynamically allocated memory at  amaxrestraints [B,KiB,MiB]:      7973990    7787.100     7.605

Dynamically allocated memory at  amaxrestraints [B,KiB,MiB]:      8236134    8043.100     7.855

Dynamically allocated memory at  amaxrestraints [B,KiB,MiB]:      8760422    8555.100     8.355

Dynamically allocated memory at  amaxrestraints [B,KiB,MiB]:      9808998    9579.100     9.355

Dynamically allocated memory at  amaxrestraints [B,KiB,MiB]:     10333286   10091.100     9.855
r_stere_606_> Stereochemical restraints were constructed from RTF & PRMF.
              Added bond,angle,dihedral,improper restraints  :    13110   17763   20153    5340
              Total number of restraints before, now         :        0    56366
make_re_422_> Number of previous, current restraints         :        0    56366
make_re_423_> Number of previous, current selected restraints:        0    56366
make_re_417_> Restraint type to be calculated:  phi-psi_binormal

Dynamically allocated memory at   amaxstructure [B,KiB,MiB]:     11262394   10998.432    10.741
openf___224_> Open           ${MODINSTALL10v5}/modlib/mnch1.bin
openf___224_> Open           ${MODINSTALL10v5}/modlib/mnch1.mdt
getdata_643_> Protein accepted:  Q9UPY3
getdata_289_> Proteins (all/accepted):        1        1
make_re_422_> Number of previous, current restraints         :    56366    57963
make_re_423_> Number of previous, current selected restraints:    56366    57963
make_re_417_> Restraint type to be calculated:  omega_dihedral

Dynamically allocated memory at   amaxstructure [B,KiB,MiB]:     11262410   10998.447    10.741
openf___224_> Open           ${MODINSTALL10v5}/modlib/omega.bin
openf___224_> Open           ${MODINSTALL10v5}/modlib/omega.mdt
getdata_643_> Protein accepted:  Q9UPY3
getdata_289_> Proteins (all/accepted):        1        1
omgdel__425_> Unselected all O C +N +CA dihedrals:     1696
              (This is to avoid clashes between STEREO
              and OMEGA_DIHEDRAL restraints)

Dynamically allocated memory at  amaxrestraints [B,KiB,MiB]:     11786698   11510.447    11.241
make_re_422_> Number of previous, current restraints         :    57963    59561
make_re_423_> Number of previous, current selected restraints:    57963    57865
make_re_417_> Restraint type to be calculated:  chi1_dihedral

Dynamically allocated memory at   amaxstructure [B,KiB,MiB]:     11786698   11510.447    11.241
openf___224_> Open           ${MODINSTALL10v5}/modlib/chi1234.bin
openf___224_> Open           ${MODINSTALL10v5}/modlib/chi1.mdt
getdata_643_> Protein accepted:  Q9UPY3
getdata_289_> Proteins (all/accepted):        1        1
make_re_422_> Number of previous, current restraints         :    59561    61001
make_re_423_> Number of previous, current selected restraints:    57865    59305
make_re_417_> Restraint type to be calculated:  chi2_dihedral

Dynamically allocated memory at   amaxstructure [B,KiB,MiB]:     11786698   11510.447    11.241
openf___224_> Open           ${MODINSTALL10v5}/modlib/chi1234.bin
openf___224_> Open           ${MODINSTALL10v5}/modlib/chi2.mdt
getdata_643_> Protein accepted:  Q9UPY3
getdata_289_> Proteins (all/accepted):        1        1
make_re_422_> Number of previous, current restraints         :    61001    62108
make_re_423_> Number of previous, current selected restraints:    59305    60412
make_re_417_> Restraint type to be calculated:  chi3_dihedral

Dynamically allocated memory at   amaxstructure [B,KiB,MiB]:     11786698   11510.447    11.241
openf___224_> Open           ${MODINSTALL10v5}/modlib/chi1234.bin
openf___224_> Open           ${MODINSTALL10v5}/modlib/chi3.mdt
getdata_643_> Protein accepted:  Q9UPY3
getdata_289_> Proteins (all/accepted):        1        1

Dynamically allocated memory at  amaxrestraints [B,KiB,MiB]:     12835274   12534.447    12.241
make_re_422_> Number of previous, current restraints         :    62108    62611
make_re_423_> Number of previous, current selected restraints:    60412    60915
make_re_417_> Restraint type to be calculated:  chi4_dihedral

Dynamically allocated memory at   amaxstructure [B,KiB,MiB]:     12835274   12534.447    12.241
openf___224_> Open           ${MODINSTALL10v5}/modlib/chi1234.bin
openf___224_> Open           ${MODINSTALL10v5}/modlib/chi4.mdt
mdtrsr__446W> A potential that relies on one protein is used, yet you have at
              least one known structure available. MDT, not library, potential is used.
getdata_643_> Protein accepted:  Q9UPY3
getdata_289_> Proteins (all/accepted):        1        1
make_re_422_> Number of previous, current restraints         :    62611    62813
make_re_423_> Number of previous, current selected restraints:    60915    61117
make_re_417_> Restraint type to be calculated:  DISTANCE

Dynamically allocated memory at amaxhash_contac [B,KiB,MiB]:     16528262   16140.881    15.763

Dynamically allocated memory at  amaxrestraints [B,KiB,MiB]:     17576838   17164.881    16.763

Dynamically allocated memory at  amaxrestraints [B,KiB,MiB]:     19673990   19212.881    18.763

Dynamically allocated memory at  amaxrestraints [B,KiB,MiB]:     20722566   20236.881    19.763
make_re_422_> Number of previous, current restraints         :    62813    93229
make_re_423_> Number of previous, current selected restraints:    61117    91533
make_re_417_> Restraint type to be calculated:  DISTANCE
make_re_422_> Number of previous, current restraints         :    93229   122996
make_re_423_> Number of previous, current selected restraints:    91533   121300
make_re_417_> Restraint type to be calculated:  DISTANCE

Dynamically allocated memory at  amaxrestraints [B,KiB,MiB]:     22819718   22284.881    21.763
make_re_422_> Number of previous, current restraints         :   122996   147241
make_re_423_> Number of previous, current selected restraints:   121300   145545
make_re_417_> Restraint type to be calculated:  DISTANCE

Dynamically allocated memory at  amaxrestraints [B,KiB,MiB]:     27014022   26380.881    25.763
make_re_422_> Number of previous, current restraints         :   147241   161711
make_re_423_> Number of previous, current selected restraints:   145545   160015
0 atoms in HETATM/BLK residues constrained
to protein atoms within 2.30 angstroms
and protein CA atoms within 10.00 angstroms
make_re_417_> Restraint type to be calculated:  DISTANCE
make_re_422_> Number of previous, current restraints         :   161711   161711
make_re_423_> Number of previous, current selected restraints:   160015   160015
make_re_417_> Restraint type to be calculated:  DISTANCE
make_re_422_> Number of previous, current restraints         :   161711   161711
make_re_423_> Number of previous, current selected restraints:   160015   160015
make_re_417_> Restraint type to be calculated:  DISTANCE
make_re_422_> Number of previous, current restraints         :   161711   161711
make_re_423_> Number of previous, current selected restraints:   160015   160015
make_re_417_> Restraint type to be calculated:  DISTANCE
make_re_422_> Number of previous, current restraints         :   161711   161711
make_re_423_> Number of previous, current selected restraints:   160015   160015
0 atoms in residues without defined topology
constrained to be rigid bodies
make_re_417_> Restraint type to be calculated:  DISTANCE
make_re_422_> Number of previous, current restraints         :   161711   161711
make_re_423_> Number of previous, current selected restraints:   160015   160015
rmdupl__427_>    10107 redundant cosine dihedral restraints were unselected.
condens_443_> Restraints marked for deletion were removed.
              Total number of restraints before, now:   161711   149908
openf___224_> Open           Q9UPY3_cut.rsr
openf___224_> Open           Q9UPY3_cut.rsr

Dynamically allocated memory at  amaxrestraints [B,KiB,MiB]:     27925653   27271.145    26.632
rdcsr2__307_> Number of restraints read    :   149908
              Number of excluded pairs read:        0
              Number of pseudo atoms read  :        0
rdcsrs__304_> Restraints in memory, selected restraints:   149908   149908
              Explicitly excluded atom pairs in memory :        0
              Pseudo atoms in memory                   :        0
openf___224_> Open           Q9UPY3_cut.ini

Dynamically allocated memory at       amaxmodel [B,KiB,MiB]:     27925685   27271.176    26.632
read_mo_297_> Segments, residues, atoms:        1     1599    12823
read_mo_298_> Segment:        1  1:A  1599:A    12823
randomi_498_> Atoms,selected atoms,random_seed,amplitude:    12823    12823        1        4.0000
randomi_496_> Amplitude is > 0; randomization is done.
pick_re_612_> Number of MODEL atoms, selected restraints;    12823    81122
pick_re_612_> Number of MODEL atoms, selected restraints;    12823    91984
pick_re_612_> Number of MODEL atoms, selected restraints;    12823    97537
pick_re_612_> Number of MODEL atoms, selected restraints;    12823   103065
pick_re_612_> Number of MODEL atoms, selected restraints;    12823   108477
pick_re_612_> Number of MODEL atoms, selected restraints;    12823   114255
pick_re_612_> Number of MODEL atoms, selected restraints;    12823   121262
pick_re_612_> Number of MODEL atoms, selected restraints;    12823   128581
pick_re_612_> Number of MODEL atoms, selected restraints;    12823   135542
pick_re_612_> Number of MODEL atoms, selected restraints;    12823   140918
pick_re_612_> Number of MODEL atoms, selected restraints;    12823   144002
pick_re_612_> Number of MODEL atoms, selected restraints;    12823   147941

Dynamically allocated memory at  amaxrestraints [B,KiB,MiB]:     28526009   27857.430    27.205
pick_re_612_> Number of MODEL atoms, selected restraints;    12823   148777
pick_re_612_> Number of MODEL atoms, selected restraints;    12823   148862
pick_re_612_> Number of MODEL atoms, selected restraints;    12823   149908
iupac_m_487_> NH1/2 swapped:     -176.3889       45  45
iupac_m_483_> CD1/2 CE1/2 swapped:      -95.6962       47  47
iupac_m_397W> Atoms were not swapped because of the uncertainty of how to handle the H atom.
iupac_m_486_> OE1/2 will be swapped:     -161.9055       53  53
iupac_m_485_> OD1/2 will be swapped:      141.0562       57  57
iupac_m_487_> NH1/2 swapped:     -175.5179       86  86
iupac_m_483_> CD1/2 CE1/2 swapped:      -95.8869       89  89
iupac_m_397W> Atoms were not swapped because of the uncertainty of how to handle the H atom.
iupac_m_486_> OE1/2 will be swapped:     -178.6297      128  128
iupac_m_486_> OE1/2 will be swapped:      142.7769      136  136
iupac_m_487_> NH1/2 swapped:     -177.3200      137  137
iupac_m_486_> OE1/2 will be swapped:      151.2163      176  176
iupac_m_487_> NH1/2 swapped:      179.0228      187  187
iupac_m_486_> OE1/2 will be swapped:     -174.3329      188  188
iupac_m_487_> NH1/2 swapped:      178.5548      201  201
iupac_m_486_> OE1/2 will be swapped:     -166.7474      217  217
iupac_m_486_> OE1/2 will be swapped:     -175.9220      220  220
iupac_m_486_> OE1/2 will be swapped:      104.9356      221  221
iupac_m_486_> OE1/2 will be swapped:      136.7167      227  227
iupac_m_486_> OE1/2 will be swapped:     -168.8004      235  235
iupac_m_486_> OE1/2 will be swapped:     -169.2221      252  252
iupac_m_483_> CD1/2 CE1/2 swapped:      -95.1717      260  260
iupac_m_397W> Atoms were not swapped because of the uncertainty of how to handle the H atom.
iupac_m_487_> NH1/2 swapped:     -179.6557      263  263
iupac_m_486_> OE1/2 will be swapped:     -176.5356      275  275
iupac_m_487_> NH1/2 swapped:     -179.8310      293  293
iupac_m_487_> NH1/2 swapped:      175.9488      307  307
iupac_m_486_> OE1/2 will be swapped:     -111.1490      336  336
iupac_m_486_> OE1/2 will be swapped:      129.9950      338  338
iupac_m_487_> NH1/2 swapped:      178.8815      342  342
iupac_m_483_> CD1/2 CE1/2 swapped:      -90.7215      351  351
iupac_m_397W> Atoms were not swapped because of the uncertainty of how to handle the H atom.
iupac_m_486_> OE1/2 will be swapped:      132.5431      382  382
iupac_m_486_> OE1/2 will be swapped:     -177.8338      391  391
iupac_m_485_> OD1/2 will be swapped:      168.9109      417  417
iupac_m_486_> OE1/2 will be swapped:     -150.3335      420  420
iupac_m_486_> OE1/2 will be swapped:     -125.6667      423  423
iupac_m_486_> OE1/2 will be swapped:     -100.6256      426  426
iupac_m_486_> OE1/2 will be swapped:      170.3662      431  431
iupac_m_486_> OE1/2 will be swapped:      147.5483      449  449
iupac_m_487_> NH1/2 swapped:      176.7600      450  450
iupac_m_487_> NH1/2 swapped:      175.5349      459  459
iupac_m_486_> OE1/2 will be swapped:      154.3911      463  463
iupac_m_487_> NH1/2 swapped:     -177.7243      490  490
iupac_m_486_> OE1/2 will be swapped:     -178.3727      495  495
iupac_m_486_> OE1/2 will be swapped:     -100.0395      497  497
iupac_m_486_> OE1/2 will be swapped:      178.3183      502  502
iupac_m_486_> OE1/2 will be swapped:      127.2172      503  503
iupac_m_487_> NH1/2 swapped:      178.9219      506  506
iupac_m_483_> CD1/2 CE1/2 swapped:      -92.5884      508  508
iupac_m_397W> Atoms were not swapped because of the uncertainty of how to handle the H atom.
iupac_m_487_> NH1/2 swapped:      179.4290      509  509
iupac_m_486_> OE1/2 will be swapped:     -175.6631      512  512
iupac_m_486_> OE1/2 will be swapped:     -161.6245      523  523
iupac_m_486_> OE1/2 will be swapped:     -171.8279      524  524
iupac_m_483_> CD1/2 CE1/2 swapped:      -96.6298      543  543
iupac_m_397W> Atoms were not swapped because of the uncertainty of how to handle the H atom.
iupac_m_483_> CD1/2 CE1/2 swapped:      -94.7428      546  546
iupac_m_397W> Atoms were not swapped because of the uncertainty of how to handle the H atom.
iupac_m_487_> NH1/2 swapped:     -178.7126      552  552
iupac_m_487_> NH1/2 swapped:      179.6461      554  554
iupac_m_483_> CD1/2 CE1/2 swapped:     -100.8833      560  560
iupac_m_397W> Atoms were not swapped because of the uncertainty of how to handle the H atom.
iupac_m_483_> CD1/2 CE1/2 swapped:      -96.2017      572  572
iupac_m_397W> Atoms were not swapped because of the uncertainty of how to handle the H atom.
iupac_m_486_> OE1/2 will be swapped:     -161.6660      574  574
iupac_m_485_> OD1/2 will be swapped:      123.7374      595  595
iupac_m_485_> OD1/2 will be swapped:     -178.3454      600  600
iupac_m_483_> CD1/2 CE1/2 swapped:      -98.5715      614  614
iupac_m_397W> Atoms were not swapped because of the uncertainty of how to handle the H atom.
iupac_m_483_> CD1/2 CE1/2 swapped:      -98.0492      637  637
iupac_m_397W> Atoms were not swapped because of the uncertainty of how to handle the H atom.
iupac_m_487_> NH1/2 swapped:     -179.7126      640  640
iupac_m_485_> OD1/2 will be swapped:      121.2570      644  644
iupac_m_487_> NH1/2 swapped:      179.0552      654  654
iupac_m_487_> NH1/2 swapped:     -178.6334      656  656
iupac_m_483_> CD1/2 CE1/2 swapped:      -90.1521      668  668
iupac_m_397W> Atoms were not swapped because of the uncertainty of how to handle the H atom.
iupac_m_484W> Dihedral still outside +-90:       90.1997
iupac_m_487_> NH1/2 swapped:     -178.5020      688  688
iupac_m_486_> OE1/2 will be swapped:      173.3366      691  691
iupac_m_487_> NH1/2 swapped:     -179.0144      692  692
iupac_m_486_> OE1/2 will be swapped:     -171.9261      700  700
iupac_m_486_> OE1/2 will be swapped:      157.9013      707  707
iupac_m_486_> OE1/2 will be swapped:     -160.5156      732  732
iupac_m_487_> NH1/2 swapped:      178.8832      739  739
iupac_m_486_> OE1/2 will be swapped:     -172.7485      755  755
iupac_m_487_> NH1/2 swapped:      179.8022      758  758
iupac_m_485_> OD1/2 will be swapped:     -178.7443      759  759
iupac_m_483_> CD1/2 CE1/2 swapped:      -95.4544      761  761
iupac_m_397W> Atoms were not swapped because of the uncertainty of how to handle the H atom.
iupac_m_487_> NH1/2 swapped:     -178.9493      763  763
iupac_m_483_> CD1/2 CE1/2 swapped:      -92.0264      769  769
iupac_m_397W> Atoms were not swapped because of the uncertainty of how to handle the H atom.
iupac_m_483_> CD1/2 CE1/2 swapped:      -92.8608      771  771
iupac_m_397W> Atoms were not swapped because of the uncertainty of how to handle the H atom.
iupac_m_486_> OE1/2 will be swapped:     -171.5708      784  784
iupac_m_487_> NH1/2 swapped:     -178.8047      788  788
iupac_m_487_> NH1/2 swapped:     -179.5711      789  789
iupac_m_483_> CD1/2 CE1/2 swapped:      -91.3106      793  793
iupac_m_397W> Atoms were not swapped because of the uncertainty of how to handle the H atom.
iupac_m_486_> OE1/2 will be swapped:     -131.5878      796  796
iupac_m_486_> OE1/2 will be swapped:      102.8550      824  824
iupac_m_483_> CD1/2 CE1/2 swapped:      -91.8889      852  852
iupac_m_397W> Atoms were not swapped because of the uncertainty of how to handle the H atom.
iupac_m_487_> NH1/2 swapped:      178.5956      859  859
iupac_m_486_> OE1/2 will be swapped:     -111.2924      861  861
iupac_m_486_> OE1/2 will be swapped:      160.7550      866  866
iupac_m_483_> CD1/2 CE1/2 swapped:     -102.6893      867  867
iupac_m_397W> Atoms were not swapped because of the uncertainty of how to handle the H atom.
iupac_m_485_> OD1/2 will be swapped:      107.1276      891  891
iupac_m_483_> CD1/2 CE1/2 swapped:       95.3341      896  896
iupac_m_397W> Atoms were not swapped because of the uncertainty of how to handle the H atom.
iupac_m_486_> OE1/2 will be swapped:     -107.0835      898  898
iupac_m_486_> OE1/2 will be swapped:      154.9829      901  901
iupac_m_486_> OE1/2 will be swapped:      161.3447      904  904
iupac_m_487_> NH1/2 swapped:      176.5126      906  906
iupac_m_483_> CD1/2 CE1/2 swapped:      -97.0975      920  920
iupac_m_397W> Atoms were not swapped because of the uncertainty of how to handle the H atom.
iupac_m_483_> CD1/2 CE1/2 swapped:      -90.2383      922  922
iupac_m_397W> Atoms were not swapped because of the uncertainty of how to handle the H atom.
iupac_m_484W> Dihedral still outside +-90:       90.2047
iupac_m_487_> NH1/2 swapped:     -175.5313      935  935
iupac_m_485_> OD1/2 will be swapped:      130.8226      940  940
iupac_m_483_> CD1/2 CE1/2 swapped:     -100.1984      960  960
iupac_m_397W> Atoms were not swapped because of the uncertainty of how to handle the H atom.
iupac_m_486_> OE1/2 will be swapped:     -140.5253      966  966
iupac_m_486_> OE1/2 will be swapped:      179.8688      970  970
iupac_m_486_> OE1/2 will be swapped:      169.4188     1018  1018
iupac_m_486_> OE1/2 will be swapped:      169.2319     1025  1025
iupac_m_483_> CD1/2 CE1/2 swapped:      -95.4575     1059  1059
iupac_m_397W> Atoms were not swapped because of the uncertainty of how to handle the H atom.
iupac_m_486_> OE1/2 will be swapped:      179.5851     1068  1068
iupac_m_486_> OE1/2 will be swapped:      175.3755     1069  1069
iupac_m_487_> NH1/2 swapped:      174.4363     1071  1071
iupac_m_487_> NH1/2 swapped:     -178.6132     1083  1083
iupac_m_485_> OD1/2 will be swapped:      150.5480     1088  1088
iupac_m_483_> CD1/2 CE1/2 swapped:      -93.7808     1089  1089
iupac_m_397W> Atoms were not swapped because of the uncertainty of how to handle the H atom.
iupac_m_487_> NH1/2 swapped:     -173.3783     1090  1090
iupac_m_486_> OE1/2 will be swapped:      171.7685     1137  1137
iupac_m_483_> CD1/2 CE1/2 swapped:      -96.4691     1146  1146
iupac_m_397W> Atoms were not swapped because of the uncertainty of how to handle the H atom.
iupac_m_483_> CD1/2 CE1/2 swapped:      -90.3454     1154  1154
iupac_m_397W> Atoms were not swapped because of the uncertainty of how to handle the H atom.
iupac_m_485_> OD1/2 will be swapped:      132.9635     1161  1161
iupac_m_487_> NH1/2 swapped:      178.8828     1166  1166
iupac_m_483_> CD1/2 CE1/2 swapped:      -94.6850     1169  1169
iupac_m_397W> Atoms were not swapped because of the uncertainty of how to handle the H atom.
iupac_m_487_> NH1/2 swapped:      179.7643     1182  1182
iupac_m_487_> NH1/2 swapped:      178.9192     1192  1192
iupac_m_483_> CD1/2 CE1/2 swapped:     -104.8596     1198  1198
iupac_m_397W> Atoms were not swapped because of the uncertainty of how to handle the H atom.
iupac_m_483_> CD1/2 CE1/2 swapped:      -90.6854     1209  1209
iupac_m_397W> Atoms were not swapped because of the uncertainty of how to handle the H atom.
iupac_m_486_> OE1/2 will be swapped:     -169.8502     1241  1241
iupac_m_486_> OE1/2 will be swapped:      136.8761     1253  1253
iupac_m_483_> CD1/2 CE1/2 swapped:     -100.4015     1259  1259
iupac_m_397W> Atoms were not swapped because of the uncertainty of how to handle the H atom.
iupac_m_487_> NH1/2 swapped:      177.8184     1273  1273
iupac_m_487_> NH1/2 swapped:      173.7590     1276  1276
iupac_m_486_> OE1/2 will be swapped:      179.8002     1277  1277
iupac_m_487_> NH1/2 swapped:      176.1409     1324  1324
iupac_m_485_> OD1/2 will be swapped:     -176.6898     1328  1328
iupac_m_483_> CD1/2 CE1/2 swapped:      -94.6001     1346  1346
iupac_m_397W> Atoms were not swapped because of the uncertainty of how to handle the H atom.
iupac_m_486_> OE1/2 will be swapped:       95.5094     1347  1347
iupac_m_483_> CD1/2 CE1/2 swapped:      -90.6229     1352  1352
iupac_m_397W> Atoms were not swapped because of the uncertainty of how to handle the H atom.
iupac_m_487_> NH1/2 swapped:     -176.9559     1353  1353
iupac_m_483_> CD1/2 CE1/2 swapped:      -92.7342     1354  1354
iupac_m_397W> Atoms were not swapped because of the uncertainty of how to handle the H atom.
iupac_m_483_> CD1/2 CE1/2 swapped:      -91.0213     1364  1364
iupac_m_397W> Atoms were not swapped because of the uncertainty of how to handle the H atom.
iupac_m_483_> CD1/2 CE1/2 swapped:      -98.5733     1369  1369
iupac_m_397W> Atoms were not swapped because of the uncertainty of how to handle the H atom.
iupac_m_483_> CD1/2 CE1/2 swapped:      -92.6327     1383  1383
iupac_m_397W> Atoms were not swapped because of the uncertainty of how to handle the H atom.
iupac_m_483_> CD1/2 CE1/2 swapped:     -107.0474     1391  1391
iupac_m_397W> Atoms were not swapped because of the uncertainty of how to handle the H atom.
iupac_m_487_> NH1/2 swapped:      178.3694     1402  1402
iupac_m_483_> CD1/2 CE1/2 swapped:     -108.0207     1435  1435
iupac_m_397W> Atoms were not swapped because of the uncertainty of how to handle the H atom.
iupac_m_486_> OE1/2 will be swapped:      107.0739     1441  1441
iupac_m_483_> CD1/2 CE1/2 swapped:      -98.1191     1449  1449
iupac_m_397W> Atoms were not swapped because of the uncertainty of how to handle the H atom.
iupac_m_483_> CD1/2 CE1/2 swapped:      -92.9190     1452  1452
iupac_m_397W> Atoms were not swapped because of the uncertainty of how to handle the H atom.
iupac_m_486_> OE1/2 will be swapped:      168.7599     1465  1465
iupac_m_487_> NH1/2 swapped:     -177.3543     1467  1467
iupac_m_487_> NH1/2 swapped:      175.9829     1468  1468
iupac_m_486_> OE1/2 will be swapped:     -155.4284     1473  1473
iupac_m_486_> OE1/2 will be swapped:     -155.8845     1474  1474
iupac_m_486_> OE1/2 will be swapped:     -119.1189     1477  1477
iupac_m_486_> OE1/2 will be swapped:     -115.2178     1480  1480
iupac_m_483_> CD1/2 CE1/2 swapped:      -94.8525     1489  1489
iupac_m_397W> Atoms were not swapped because of the uncertainty of how to handle the H atom.
iupac_m_486_> OE1/2 will be swapped:      173.3952     1490  1490
iupac_m_483_> CD1/2 CE1/2 swapped:      -95.3894     1497  1497
iupac_m_397W> Atoms were not swapped because of the uncertainty of how to handle the H atom.
iupac_m_486_> OE1/2 will be swapped:      114.4608     1505  1505
iupac_m_483_> CD1/2 CE1/2 swapped:      -93.7584     1511  1511
iupac_m_397W> Atoms were not swapped because of the uncertainty of how to handle the H atom.
iupac_m_483_> CD1/2 CE1/2 swapped:      -93.1740     1512  1512
iupac_m_397W> Atoms were not swapped because of the uncertainty of how to handle the H atom.
iupac_m_486_> OE1/2 will be swapped:      162.7139     1536  1536
iupac_m_486_> OE1/2 will be swapped:      106.0313     1538  1538
iupac_m_486_> OE1/2 will be swapped:       93.0423     1540  1540
iupac_m_487_> NH1/2 swapped:      177.3795     1556  1556
iupac_m_483_> CD1/2 CE1/2 swapped:      -91.2504     1574  1574
iupac_m_397W> Atoms were not swapped because of the uncertainty of how to handle the H atom.
iupac_m_487_> NH1/2 swapped:      178.5226     1575  1575
iupac_m_487_> NH1/2 swapped:      173.1339     1583  1583
openf___224_> Open           ${LIB}/atmcls-mf.lib

Dynamically allocated memory at amaxgroup_restr [B,KiB,MiB]:     28526437   27857.848    27.205

Dynamically allocated memory at amaxgroup_restr [B,KiB,MiB]:     28526501   27857.910    27.205

Dynamically allocated memory at amaxgroup_restr [B,KiB,MiB]:     28526559   27857.969    27.205

Dynamically allocated memory at amaxgroup_restr [B,KiB,MiB]:     28526623   27858.031    27.205

Dynamically allocated memory at amaxgroup_restr [B,KiB,MiB]:     28526689   27858.094    27.205

Dynamically allocated memory at amaxgroup_restr [B,KiB,MiB]:     28526753   27858.156    27.205

Dynamically allocated memory at amaxgroup_restr [B,KiB,MiB]:     28526909   27858.309    27.205

Dynamically allocated memory at amaxgroup_restr [B,KiB,MiB]:     28527037   27858.434    27.206

Dynamically allocated memory at amaxgroup_restr [B,KiB,MiB]:     28527331   27858.723    27.206

Dynamically allocated memory at amaxgroup_restr [B,KiB,MiB]:     28527523   27858.910    27.206

Dynamically allocated memory at amaxgroup_restr [B,KiB,MiB]:     28528027   27859.402    27.206

Dynamically allocated memory at amaxgroup_restr [B,KiB,MiB]:     28528283   27859.652    27.207

Dynamically allocated memory at amaxgroup_restr [B,KiB,MiB]:     28529279   27860.625    27.208

Dynamically allocated memory at amaxgroup_restr [B,KiB,MiB]:     28529663   27861.000    27.208

Dynamically allocated memory at amaxgroup_restr [B,KiB,MiB]:     28530239   27861.562    27.209

Dynamically allocated memory at amaxgroup_restr [B,KiB,MiB]:     28532273   27863.547    27.210

Dynamically allocated memory at amaxgroup_restr [B,KiB,MiB]:     28533169   27864.422    27.211

Dynamically allocated memory at amaxgroup_restr [B,KiB,MiB]:     28537621   27868.770    27.216

Dynamically allocated memory at amaxgroup_restr [B,KiB,MiB]:     28538965   27870.082    27.217

Dynamically allocated memory at amaxgroup_restr [B,KiB,MiB]:     28548583   27879.477    27.226

Dynamically allocated memory at amaxgroup_restr [B,KiB,MiB]:     28550567   27881.414    27.228

Dynamically allocated memory at amaxgroup_restr [B,KiB,MiB]:     28571213   27901.574    27.248

Dynamically allocated memory at amaxgroup_restr [B,KiB,MiB]:     28574221   27904.512    27.250

Dynamically allocated memory at amaxgroup_restr [B,KiB,MiB]:     28620187   27949.402    27.294

Dynamically allocated memory at amaxgroup_restr [B,KiB,MiB]:     28624667   27953.777    27.299

Dynamically allocated memory at amaxgroup_restr [B,KiB,MiB]:     28725887   28052.625    27.395
openf___224_> Open           ${LIB}/dist-mf.lib

Dynamically allocated memory at amaxgroup_restr [B,KiB,MiB]:     28726283   28053.012    27.396

Dynamically allocated memory at amaxgroup_restr [B,KiB,MiB]:     28727079   28053.789    27.396

Dynamically allocated memory at amaxgroup_restr [B,KiB,MiB]:     28727875   28054.566    27.397

Dynamically allocated memory at amaxgroup_restr [B,KiB,MiB]:     28729063   28055.727    27.398

Dynamically allocated memory at amaxgroup_restr [B,KiB,MiB]:     28729463   28056.117    27.399

Dynamically allocated memory at amaxgroup_restr [B,KiB,MiB]:     28730063   28056.703    27.399

Dynamically allocated memory at amaxgroup_restr [B,KiB,MiB]:     28730963   28057.582    27.400

Dynamically allocated memory at amaxgroup_restr [B,KiB,MiB]:     28732311   28058.898    27.401

Dynamically allocated memory at amaxgroup_restr [B,KiB,MiB]:     28732511   28059.094    27.401

Dynamically allocated memory at amaxgroup_restr [B,KiB,MiB]:     28734535   28061.070    27.403

Dynamically allocated memory at amaxgroup_restr [B,KiB,MiB]:     28734835   28061.363    27.404

Dynamically allocated memory at amaxgroup_restr [B,KiB,MiB]:     28737871   28064.328    27.407

Dynamically allocated memory at amaxgroup_restr [B,KiB,MiB]:     28738319   28064.766    27.407

Dynamically allocated memory at amaxgroup_restr [B,KiB,MiB]:     28742871   28069.211    27.411

Dynamically allocated memory at amaxgroup_restr [B,KiB,MiB]:     28743543   28069.867    27.412

Dynamically allocated memory at amaxgroup_restr [B,KiB,MiB]:     28750371   28076.535    27.418

Dynamically allocated memory at amaxgroup_restr [B,KiB,MiB]:     28751379   28077.520    27.419

Dynamically allocated memory at amaxgroup_restr [B,KiB,MiB]:     28761623   28087.523    27.429

Dynamically allocated memory at amaxgroup_restr [B,KiB,MiB]:     28762223   28088.109    27.430

Dynamically allocated memory at amaxgroup_restr [B,KiB,MiB]:     28762623   28088.500    27.430

Dynamically allocated memory at amaxgroup_restr [B,KiB,MiB]:     28764135   28089.977    27.432

Dynamically allocated memory at amaxgroup_restr [B,KiB,MiB]:     28779499   28104.980    27.446

Dynamically allocated memory at amaxgroup_restr [B,KiB,MiB]:     28780399   28105.859    27.447

Dynamically allocated memory at amaxgroup_restr [B,KiB,MiB]:     28780999   28106.445    27.448

Dynamically allocated memory at amaxgroup_restr [B,KiB,MiB]:     28783267   28108.660    27.450

Dynamically allocated memory at amaxgroup_restr [B,KiB,MiB]:     28806315   28131.168    27.472

Dynamically allocated memory at amaxgroup_restr [B,KiB,MiB]:     28807659   28132.480    27.473

Dynamically allocated memory at amaxgroup_restr [B,KiB,MiB]:     28808559   28133.359    27.474

Dynamically allocated memory at amaxgroup_restr [B,KiB,MiB]:     28811963   28136.684    27.477

Dynamically allocated memory at amaxgroup_restr [B,KiB,MiB]:     28846535   28170.445    27.510

Dynamically allocated memory at amaxgroup_restr [B,KiB,MiB]:     28848551   28172.414    27.512

Dynamically allocated memory at amaxgroup_restr [B,KiB,MiB]:     28849899   28173.730    27.513

Dynamically allocated memory at amaxgroup_restr [B,KiB,MiB]:     28855003   28178.715    27.518

Dynamically allocated memory at amaxgroup_restr [B,KiB,MiB]:     28906859   28229.355    27.568

Dynamically allocated memory at amaxgroup_restr [B,KiB,MiB]:     28909883   28232.309    27.571

Dynamically allocated memory at amaxgroup_restr [B,KiB,MiB]:     28911907   28234.285    27.573

Dynamically allocated memory at amaxgroup_restr [B,KiB,MiB]:     28919563   28241.762    27.580

Dynamically allocated memory at amaxgroup_restr [B,KiB,MiB]:     28997347   28317.723    27.654

Dynamically allocated memory at amaxgroup_restr [B,KiB,MiB]:     29001883   28322.152    27.658

Dynamically allocated memory at amaxgroup_restr [B,KiB,MiB]:     29004919   28325.117    27.661

Dynamically allocated memory at amaxgroup_restr [B,KiB,MiB]:     29016403   28336.332    27.672

Dynamically allocated memory at amaxgroup_restr [B,KiB,MiB]:     29133079   28450.273    27.783

Dynamically allocated memory at amaxgroup_restr [B,KiB,MiB]:     29139883   28456.918    27.790

Dynamically allocated memory at amaxgroup_restr [B,KiB,MiB]:     29144435   28461.363    27.794

Dynamically allocated memory at amaxgroup_restr [B,KiB,MiB]:     29161663   28478.188    27.811

Dynamically allocated memory at amaxgroup_restr [B,KiB,MiB]:     29336679   28649.102    27.978

Dynamically allocated memory at amaxgroup_restr [B,KiB,MiB]:     29346891   28659.074    27.987

Dynamically allocated memory at amaxgroup_restr [B,KiB,MiB]:     29353719   28665.742    27.994

Dynamically allocated memory at amaxgroup_restr [B,KiB,MiB]:     29379559   28690.977    28.019

Dynamically allocated memory at amaxgroup_restr [B,KiB,MiB]:     29642083   28947.348    28.269

Dynamically allocated memory at amaxgroup_restr [B,KiB,MiB]:     29657395   28962.301    28.283

Dynamically allocated memory at amaxgroup_restr [B,KiB,MiB]:     29667639   28972.305    28.293

Dynamically allocated memory at amaxgroup_restr [B,KiB,MiB]:     29706399   29010.156    28.330

Dynamically allocated memory at amaxgroup_restr [B,KiB,MiB]:     30100183   29394.711    28.706

Dynamically allocated memory at amaxgroup_restr [B,KiB,MiB]:     30123151   29417.141    28.728

Dynamically allocated memory at amaxgroup_restr [B,KiB,MiB]:     30138515   29432.145    28.742

Dynamically allocated memory at amaxgroup_restr [B,KiB,MiB]:     30196655   29488.922    28.798

Dynamically allocated memory at amaxgroup_restr [B,KiB,MiB]:     30787331   30065.754    29.361

Dynamically allocated memory at amaxgroup_restr [B,KiB,MiB]:     30821783   30099.398    29.394

Dynamically allocated memory at amaxgroup_restr [B,KiB,MiB]:     30844831   30121.906    29.416

Dynamically allocated memory at amaxgroup_restr [B,KiB,MiB]:     30932043   30207.074    29.499

Dynamically allocated memory at amaxgroup_restr [B,KiB,MiB]:     31818059   31072.324    30.344

Dynamically allocated memory at amaxgroup_restr [B,KiB,MiB]:     31869743   31122.797    30.393

Dynamically allocated memory at amaxgroup_restr [B,KiB,MiB]:     31904315   31156.559    30.426

Dynamically allocated memory at amaxgroup_restr [B,KiB,MiB]:     32035131   31284.309    30.551

Dynamically allocated memory at amaxgroup_restr [B,KiB,MiB]:     33364155   32582.184    31.819
read_pa_232_> parameters    BONDS   ANGLS  DIHEDS IMPROPS    MODE
                                0       0       0       0   12561
>> Model assessment by DOPE potential
iatmcls_286W> MODEL atom not classified:  SER:OXT  SER

Dynamically allocated memory at  amaxrestraints [B,KiB,MiB]:     33964679   33168.633    32.391

Dynamically allocated memory at  amaxrestraints [B,KiB,MiB]:     34580183   33769.711    32.978

Dynamically allocated memory at  amaxrestraints [B,KiB,MiB]:     35811191   34971.867    34.152

Dynamically allocated memory at  amaxrestraints [B,KiB,MiB]:     38273207   37376.180    36.500

Dynamically allocated memory at  amaxrestraints [B,KiB,MiB]:     43197239   42184.805    41.196

Dynamically allocated memory at  amaxrestraints [B,KiB,MiB]:     53045303   51802.055    50.588


>> ENERGY; Differences between the model's features and restraints:
Number of all residues in MODEL                   :     1599
Number of all, selected real atoms                :    12823   12823
Number of all, selected pseudo atoms              :        0       0
Number of all static, selected restraints         :   149908  149908
COVALENT_CYS                                      :        F
NONBONDED_SEL_ATOMS                               :        1
Number of non-bonded pairs (excluding 1-2,1-3,1-4):  2444603
Dynamic pairs routine                             : 1, NATM x NATM double loop
Atomic shift for contacts update (UPDATE_DYNAMIC) :    0.390
LENNARD_JONES_SWITCH                              :    6.500   7.500
COULOMB_JONES_SWITCH                              :    6.500   7.500
RESIDUE_SPAN_RANGE                                :        1    9999
NLOGN_USE                                         :       15
CONTACT_SHELL                                     :   15.000
DYNAMIC_PAIRS,_SPHERE,_COULOMB,_LENNARD,_MODELLER :        T       F       F       F       T
SPHERE_STDV                                       :    0.050
RADII_FACTOR                                      :    0.820
Current energy                                    :     -184521.5938




<< end of ENERGY.
DOPE score               : -184521.593750
>> Model assessment by GA341 potential

Surface library          : /usr/lib/modeller10.5/modlib/surf5.de
Pair library             : /usr/lib/modeller10.5/modlib/pair9.de
Chain identifier         : _
% sequence identity      :   100.000000
Sequence length          :         1599
Compactness              :     0.093350
Native energy (pair)     : -2086.772213
Native energy (surface)  :   -90.821936
Native energy (combined) :   -27.910752
Z score (pair)           :   -22.667950
Z score (surface)        :   -15.895005
Z score (combined)       :   -28.561568
GA341 score              :     1.000000



>> ENERGY; Differences between the model's features and restraints:
Number of all residues in MODEL                   :     1599
Number of all, selected real atoms                :    12823   12823
Number of all, selected pseudo atoms              :        0       0
Number of all static, selected restraints         :   149908  149908
COVALENT_CYS                                      :        F
NONBONDED_SEL_ATOMS                               :        1
Number of non-bonded pairs (excluding 1-2,1-3,1-4):    24579
Dynamic pairs routine                             : 2, NATM x NATM cell sorting
Atomic shift for contacts update (UPDATE_DYNAMIC) :    0.390
LENNARD_JONES_SWITCH                              :    6.500   7.500
COULOMB_JONES_SWITCH                              :    6.500   7.500
RESIDUE_SPAN_RANGE                                :        0   99999
NLOGN_USE                                         :       15
CONTACT_SHELL                                     :    4.000
DYNAMIC_PAIRS,_SPHERE,_COULOMB,_LENNARD,_MODELLER :        T       T       F       F       F
SPHERE_STDV                                       :    0.050
RADII_FACTOR                                      :    0.820
Current energy                                    :       11130.9688





Summary of the restraint violations: 

   NUM     ... number of restraints.
   NUMVI   ... number of restraints with RVIOL > VIOL_REPORT_CUT[i].
   RVIOL   ... relative difference from the best value.
   NUMVP   ... number of restraints with -Ln(pdf) > VIOL_REPORT_CUT2[i].
   RMS_1   ... RMS(feature, minimally_violated_basis_restraint, NUMB).
   RMS_2   ... RMS(feature, best_value, NUMB).
   MOL.PDF ... scaled contribution to -Ln(Molecular pdf).

 #                     RESTRAINT_GROUP      NUM   NUMVI  NUMVP   RMS_1   RMS_2         MOL.PDF     S_i
------------------------------------------------------------------------------------------------------
 1 Bond length potential              :   13110       6      7   0.008   0.008      258.41       1.000
 2 Bond angle potential               :   17763       4     41   2.093   2.093      1529.9       1.000
 3 Stereochemical cosine torsion poten:    8350       0    201  47.203  47.203      2844.1       1.000
 4 Stereochemical improper torsion pot:    5340       0      0   1.156   1.156      156.76       1.000
 5 Soft-sphere overlap restraints     :   24579       0      0   0.001   0.001      4.1948       1.000
 6 Lennard-Jones 6-12 potential       :       0       0      0   0.000   0.000      0.0000       1.000
 7 Coulomb point-point electrostatic p:       0       0      0   0.000   0.000      0.0000       1.000
 8 H-bonding potential                :       0       0      0   0.000   0.000      0.0000       1.000
 9 Distance restraints 1 (CA-CA)      :   30416      40     88   0.288   0.288      2325.6       1.000
10 Distance restraints 2 (N-O)        :   29767       5     27   0.226   0.226      1195.5       1.000
11 Mainchain Phi dihedral restraints  :       0       0      0   0.000   0.000      0.0000       1.000
12 Mainchain Psi dihedral restraints  :       0       0      0   0.000   0.000      0.0000       1.000
13 Mainchain Omega dihedral restraints:    1598       6     14  11.560  11.560      288.42       1.000
14 Sidechain Chi_1 dihedral restraints:    1440       0      3  50.489  50.489      38.344       1.000
15 Sidechain Chi_2 dihedral restraints:    1107       0      4  56.958  56.958      213.46       1.000
16 Sidechain Chi_3 dihedral restraints:     503       0      1  56.628  56.628      278.06       1.000
17 Sidechain Chi_4 dihedral restraints:     202       0      0  87.000  87.000      130.21       1.000
18 Disulfide distance restraints      :       0       0      0   0.000   0.000      0.0000       1.000
19 Disulfide angle restraints         :       0       0      0   0.000   0.000      0.0000       1.000
20 Disulfide dihedral angle restraints:       0       0      0   0.000   0.000      0.0000       1.000
21 Lower bound distance restraints    :       0       0      0   0.000   0.000      0.0000       1.000
22 Upper bound distance restraints    :       0       0      0   0.000   0.000      0.0000       1.000
23 Distance restraints 3 (SDCH-MNCH)  :   24245       0      0   0.407   0.407      698.35       1.000
24 Sidechain Chi_5 dihedral restraints:       0       0      0   0.000   0.000      0.0000       1.000
25 Phi/Psi pair of dihedral restraints:    1597      29     81  21.410  31.759     -222.24       1.000
26 Distance restraints 4 (SDCH-SDCH)  :   14470       2     24   0.819   0.819      1391.9       1.000
27 Distance restraints 5 (X-Y)        :       0       0      0   0.000   0.000      0.0000       1.000
28 NMR distance restraints 6 (X-Y)    :       0       0      0   0.000   0.000      0.0000       1.000
29 NMR distance restraints 7 (X-Y)    :       0       0      0   0.000   0.000      0.0000       1.000
30 Minimal distance restraints        :       0       0      0   0.000   0.000      0.0000       1.000
31 Non-bonded restraints              :       0       0      0   0.000   0.000      0.0000       1.000
32 Atomic accessibility restraints    :       0       0      0   0.000   0.000      0.0000       1.000
33 Atomic density restraints          :       0       0      0   0.000   0.000      0.0000       1.000
34 Absolute position restraints       :       0       0      0   0.000   0.000      0.0000       1.000
35 Dihedral angle difference restraint:       0       0      0   0.000   0.000      0.0000       1.000
36 GBSA implicit solvent potential    :       0       0      0   0.000   0.000      0.0000       1.000
37 EM density fitting potential       :       0       0      0   0.000   0.000      0.0000       1.000
38 SAXS restraints                    :       0       0      0   0.000   0.000      0.0000       1.000
39 Symmetry restraints                :       0       0      0   0.000   0.000      0.0000       1.000



openf___224_> Open           Q9UPY3_cut.V99990001
# Heavy relative violation of each residue is written to: Q9UPY3_cut.V99990001
# The profile is NOT normalized by the number of restraints.
# The profiles are smoothed over a window of residues:    1
# The sum of all numbers in the file:  141073.9375



List of the violated restraints:
   A restraint is violated when the relative difference
   from the best value (RVIOL) is larger than CUTOFF.

   ICSR   ... index of a restraint in the current set.
   RESNO  ... residue numbers of the first two atoms.
   ATM    ... IUPAC atom names of the first two atoms.
   FEAT   ... the value of the feature in the model.
   restr  ... the mean of the basis restraint with the smallest
              difference from the model (local minimum).
   viol   ... difference from the local minimum.
   rviol  ... relative difference from the local minimum.
   RESTR  ... the best value (global minimum).
   VIOL   ... difference from the best value.
   RVIOL  ... relative difference from the best value.


-------------------------------------------------------------------------------------------------

Feature  1                           : Bond length potential                   
List of the RVIOL violations larger than   :       4.5000

    #   ICSR  RESNO1/2 ATM1/2   INDATM1/2    FEAT   restr    viol   rviol   RESTR    VIOL   RVIOL
    1   91031105K1105K C   CA   8900 8894    1.78    1.49    0.29    8.35    1.49    0.29    8.35
    2   91041105K1106S C   N    8900 8902    1.52    1.35    0.18    6.26    1.35    0.18    6.26
    3   91071106S1106S N   CA   8902 8903    1.66    1.43    0.23    7.46    1.43    0.23    7.46
    4   91091106S1106S C   CA   8906 8903    1.79    1.49    0.30    8.73    1.49    0.30    8.73
    5   91101106S1107I C   N    8906 8908    1.55    1.35    0.21    7.44    1.35    0.21    7.44
    6   91151107I1107I N   CA   8908 8909    1.69    1.43    0.26    8.49    1.43    0.26    8.49

-------------------------------------------------------------------------------------------------

Feature  2                           : Bond angle potential                    
List of the RVIOL violations larger than   :       4.5000

    #   ICSR  RESNO1/2 ATM1/2   INDATM1/2    FEAT   restr    viol   rviol   RESTR    VIOL   RVIOL
    1  254521105K1105K N   CA   8893 8894  128.58  107.00   21.58    6.20  107.00   21.58    6.20
    2  254551105K1105K CA  C    8894 8900  136.39  116.50   19.89    5.72  116.50   19.89    5.72
    3  254631106S1106S N   CA   8902 8903  132.41  107.00   25.41    7.31  107.00   25.41    7.31
    4  254681106S1107I C   N    8906 8908  144.81  120.00   24.81    5.64  120.00   24.81    5.64

-------------------------------------------------------------------------------------------------

Feature  9                           : Distance restraints 1 (CA-CA)           
List of the RVIOL violations larger than   :       4.5000

    #   ICSR  RESNO1/2 ATM1/2   INDATM1/2    FEAT   restr    viol   rviol   RESTR    VIOL   RVIOL
    1  66354 782P1105K CA  CA   6263 8894   19.75   13.27    6.48   11.73   13.27    6.48   11.73
    2  66404 784E1105K CA  CA   6278 8894   22.30   13.16    9.14   15.79   13.16    9.14   15.79
    3  66434 785L1105K CA  CA   6287 8894   21.25   13.98    7.27   13.46   13.98    7.27   13.46
    4  712951004H1105K CA  CA   8098 8894   17.94   13.79    4.16    7.59   13.79    4.16    7.59
    5  713141005L1105K CA  CA   8108 8894   15.45   13.07    2.38    4.69   13.07    2.38    4.69
    6  714401011A1105K CA  CA   8155 8894   13.66    9.55    4.10    8.74    9.55    4.10    8.74
    7  714411011A1106S CA  CA   8155 8903   18.19   13.29    4.90    8.81   13.29    4.90    8.81
    8  714491012L1105K CA  CA   8160 8894   17.27   12.16    5.11    9.41   12.16    5.11    9.41
    9  714561013P1105K CA  CA   8168 8894   18.74   12.09    6.65   11.15   12.09    6.65   11.15
   10  714651014L1105K CA  CA   8175 8894   20.98   12.17    8.82   16.79   12.17    8.82   16.79
   11  724791079G1109Y CA  CA   8687 8921   16.73   12.82    3.91    5.27   12.82    3.91    5.27
   12  728421107I1316Y CA  CA   890910517   22.58   13.40    9.18   16.66   13.40    9.18   16.66
   13  728431107I1317G CA  CA   890910529   21.37   11.30   10.07   19.94   11.30   10.07   19.94
   14  728441107I1318C CA  CA   890910533   19.68    9.89    9.79   18.81    9.89    9.79   18.81
   15  728451107I1319L CA  CA   890910539   22.08   12.98    9.10   17.38   12.98    9.10   17.38
   16  728461107I1320K CA  CA   890910547   24.84   13.99   10.85   15.46   13.99   10.85   15.46
   17  728471107I1501G CA  CA   890912042   21.20   13.21    7.99   14.11   13.21    7.99   14.11
   18  728481107I1502M CA  CA   890912046   18.80   13.74    5.06    9.33   13.74    5.06    9.33
   19  728491107I1503S CA  CA   890912054   16.42   13.78    2.64    4.56   13.78    2.64    4.56
   20  728561108G1317G CA  CA   891710529   19.09   14.00    5.09    8.64   14.00    5.09    8.64
   21  728571108G1318C CA  CA   891710533   17.66   13.02    4.65    7.35   13.02    4.65    7.35
   22  728681109Y1316Y CA  CA   892110517   17.89   13.85    4.04    6.48   13.85    4.04    6.48
   23  728691109Y1317G CA  CA   892110529   16.44   13.45    2.99    4.94   13.45    2.99    4.94

-------------------------------------------------------------------------------------------------

Feature 10                           : Distance restraints 2 (N-O)             
List of the RVIOL violations larger than   :       4.5000

    #   ICSR  RESNO1/2 ATM1/2   INDATM1/2    FEAT   restr    viol   rviol   RESTR    VIOL   RVIOL
    1 1015651105K1011A N   O    8893 8158   14.18   10.03    4.14    7.30   10.03    4.14    7.30
    2 1015761106S1102I N   O    8902 8878   11.64    4.85    6.79    4.94    4.85    6.79    4.94
    3 1055921318C1107I N   O   10532 8915   19.41   10.53    8.88   14.33   10.53    8.88   14.33

-------------------------------------------------------------------------------------------------

Feature 13                           : Mainchain Omega dihedral restraints     
List of the RVIOL violations larger than   :       4.5000

    #   ICSR  RESNO1/2 ATM1/2   INDATM1/2    FEAT   restr    viol   rviol   RESTR    VIOL   RVIOL
    1  46163   3S   3S CA  C      19   22  178.05   -0.75  178.80   36.48   -0.75  178.80   36.48
    2  46178  18T  18T CA  C     125  129  178.56   -0.75  179.31   36.59   -0.75  179.31   36.59
    3  46187  27F  27F CA  C     182  190   -2.98 -179.18  176.20   40.95 -179.18  176.20   40.95
    4  474501290Q1290Q CA  C   1033410340   -2.00 -179.18  177.18   41.18 -179.18  177.18   41.18

-------------------------------------------------------------------------------------------------

Feature 25                           : Phi/Psi pair of dihedral restraints     
List of the RVIOL violations larger than   :       6.5000

    #   ICSR  RESNO1/2 ATM1/2   INDATM1/2    FEAT   restr    viol   rviol   RESTR    VIOL   RVIOL
    1  44564   1M   2K C   N       7    9  -97.87 -118.00   23.03    1.08   56.60 -169.38   14.40
    1          2K   2K N   CA      9   10  150.29  139.10                   38.60
    2  44567   4P   5A C   N      29   31  -88.87  -68.20   27.20    1.73  -62.50  158.33   27.32
    2          5A   5A N   CA     31   32  162.98  145.30                  -40.90
    3  44571   8P   9L C   N      58   60 -114.00  -63.50   77.17   13.72 -108.50  128.06    6.86
    3          9L   9L N   CA     60   61  -99.56  -41.20                  132.50
    4  44573  10S  11M C   N      72   74 -101.71 -125.60   52.54    2.85   56.30 -140.41   20.11
    4         11M  11M N   CA     74   75 -172.71  140.50                   34.80
    5  44583  20A  21S C   N     141  143 -171.15 -136.60   40.36    1.23  -64.10 -173.32   21.25
    5         21S  21S N   CA    143  144  172.06  151.20                  -35.00
    6  44757 194E 195N C   N    1539 1541  -98.09 -119.90   92.38    3.66  -63.20   94.97   10.38
    6        195N 195N N   CA   1541 1542   47.23  137.00                  -41.10
    7  44967 404R 405N C   N    3245 3247  -97.78 -119.90   47.43    1.60  -63.20  140.47   15.90
    7        405N 405N N   CA   3247 3248   95.04  137.00                  -41.10
    8  44975 412W 413S C   N    3317 3319 -175.03 -136.60   46.64    1.42  -64.10 -175.55   21.37
    8        413S 413S N   CA   3319 3320  177.63  151.20                  -35.00
    9  44978 415S 416E C   N    3337 3339 -127.42 -117.80   16.33    0.58   54.60 -152.02   27.23
    9        416E 416E N   CA   3339 3340  150.00  136.80                   42.40
   10  44995 432T 433N C   N    3481 3483  -79.12 -119.90   41.55    1.52   55.90  162.01   11.99
   10        433N 433N N   CA   3483 3484  129.04  137.00                   39.50
   11  45049 486K 487N C   N    3905 3907 -119.88 -119.90   34.82    1.58  -63.20  154.09   16.85
   11        487N 487N N   CA   3907 3908  102.18  137.00                  -41.10
   12  45119 556P 557I C   N    4481 4483   38.50  -97.30  141.54    7.42 -120.60  164.81    9.89
   12        557I 557I N   CA   4483 4484   87.31  127.20                  130.30
   13  45153 590C 591S C   N    4762 4764   35.99  -72.40  108.41    7.81  -64.10 -162.45   13.07
   13        591S 591S N   CA   4764 4765  154.68  152.40                  -35.00
   14  45295 732E 733E C   N    5873 5875  -66.21  -69.30    3.39    0.21   54.60  156.00   10.64
   14        733E 733E N   CA   5875 5876  141.10  142.50                   42.40
   15  45546 983L 984N C   N    7935 7937 -101.36  -63.20   81.69    8.80  -63.20   81.69    8.80
   15        984N 984N N   CA   7937 7938   31.13  -41.10                  -41.10
   16  456661103D1104S C   N    8885 8887 -177.69 -136.60   42.60    1.98  -64.10 -151.40   14.22
   16       1104S1104S N   CA   8887 8888  139.97  151.20                  -35.00
   17  456681105K1106S C   N    8900 8902  154.87 -136.60   71.60    2.36  -64.10 -151.88   25.21
   17       1106S1106S N   CA   8902 8903  171.94  151.20                  -35.00
   18  457651202V1203N C   N    9655 9657 -136.06 -119.90  102.86    5.02  -63.20  105.66   11.72
   18       1203N1203N N   CA   9657 9658   35.42  137.00                  -41.10
   19  457781215K1216S C   N    9763 9765  -50.23  -72.40   28.79    1.42  -64.10  169.60   13.16
   19       1216S1216S N   CA   9765 9766  134.03  152.40                  -35.00
   20  457791216S1217N C   N    9769 9771 -114.71 -119.90   15.51    0.57  -63.20  171.41   19.07
   20       1217N1217N N   CA   9771 9772  122.39  137.00                  -41.10
   21  458441281C1282P C   N   1026410266  -75.52  -64.50   28.40    2.71  -58.70  152.45   11.29
   21       1282P1282P N   CA  1026610267  121.02  147.20                  -30.50
   22  458461283T1284R C   N   1027810280 -112.14  -63.00   96.39   10.91  -72.10  107.78    9.06
   22       1284R1284R N   CA  1028010281   41.83  -41.10                  141.90
   23  458491286N1287F C   N   1030610308 -133.65 -124.20    9.54    0.41   58.10 -159.49   30.69
   23       1287F1287F N   CA  1030810309  141.96  143.30                   32.90
   24  458501287F1288N C   N   1031710319 -119.88 -119.90    7.89    0.36  -63.20  179.40   19.87
   24       1288N1288N N   CA  1031910320  129.11  137.00                  -41.10
   25  458551292K1293N C   N   1035810360 -127.78 -119.90   37.42    1.51  -63.20  159.03   23.54
   25       1293N1293N N   CA  1036010361  173.58  137.00                  -41.10
   26  458621299A1300A C   N   1040410406 -171.08 -134.00   40.52    0.92   55.40 -177.01   20.80
   26       1300A1300A N   CA  1040610407  163.33  147.00                   38.20
   27  458681305S1306S C   N   1043810440  -76.83  -72.40    9.74    0.45  -64.10  164.41   12.71
   27       1306S1306S N   CA  1044010441  161.08  152.40                  -35.00
   28  460001437A1438V C   N   1153011532  -98.68  -62.40   64.70    7.12  -62.40   64.70    7.12
   28       1438V1438V N   CA  1153211533   11.16  -42.40                  -42.40
   29  461001537M1538E C   N   1234512347  -92.47  -63.60   64.79    7.52  -63.60   64.79    7.52
   29       1538E1538E N   CA  1234712348   17.70  -40.30                  -40.30

-------------------------------------------------------------------------------------------------

Feature 26                           : Distance restraints 4 (SDCH-SDCH)       
List of the RVIOL violations larger than   :       4.5000

    #   ICSR  RESNO1/2 ATM1/2   INDATM1/2    FEAT   restr    viol   rviol   RESTR    VIOL   RVIOL
    1 1457401107I1318C CD1 CB   891310534   16.05    4.78   11.27    7.34    4.78   11.27    7.34
    2 1457411107I1318C CD1 SG   891310535   14.46    3.52   10.94    7.27    3.52   10.94    7.27


report______> Distribution of short non-bonded contacts:


DISTANCE1:  0.00 2.10 2.20 2.30 2.40 2.50 2.60 2.70 2.80 2.90 3.00 3.10 3.20 3.30 3.40
DISTANCE2:  2.10 2.20 2.30 2.40 2.50 2.60 2.70 2.80 2.90 3.00 3.10 3.20 3.30 3.40 3.50
FREQUENCY:     0    0    0    0    0   49  105  361  647 1028 1081 1301 1693 1811 1996


<< end of ENERGY.
openf___224_> Open           Q9UPY3_cut.B99990001.pdb
wrpdb___568_> Residues, atoms, selected atoms:     1599    12823    12823

>> Summary of successfully produced models:
Filename                          molpdf     DOPE score    GA341 score
----------------------------------------------------------------------
Q9UPY3_cut.B99990001.pdb     11130.96875  -184521.59375        1.00000

Top model: Q9UPY3_cut.B99990001.pdb (DOPE score -184521.594)


RENUMBERING:
alignment__W> The class 'alignment' is deprecated; use 'Alignment' instead
openf___224_> Open           Q9UPY3.ali
openf___224_> Open           test_data/Q9UPY3.pdb

Read the alignment from file       : Q9UPY3.ali

Total number of alignment positions:  1922

  #  Code        #_Res #_Segm PDB_code    Name
-------------------------------------------------------------------------------
  1     Q9UPY3    1922      1 test_data/Q
  2  Q9UPY3_cu    1599      1
model______W> The class 'model' is deprecated; use 'Model' instead
openf___224_> Open           test_data/Q9UPY3.pdb
read_mo_297_> Segments, residues, atoms:        1     1922    15365
read_mo_298_> Segment:        1  1:A  1922:A    15365
model______W> The class 'model' is deprecated; use 'Model' instead
openf___224_> Open           Q9UPY3_cut.B99990001.pdb
read_mo_297_> Segments, residues, atoms:        1     1599    12823
read_mo_298_> Segment:        1  1:A  1599:A    12823
  #      ALGNMT CODE

  1  Q9UPY3
  2  Q9UPY3_cut
openf___224_> Open           Q9UPY3_cut.B99990001_renum.pdb
wrpdb___568_> Residues, atoms, selected atoms:     1599    12823    12823
